<?xml version="1.0" encoding="UTF-8"?>
<!-- Generated by org.testng.reporters.JUnitReportReporter -->
<testsuite hostname="DESKTOP-U3SLV3D" failures="0" tests="3" name="Tests.TestCases" time="6.165" errors="0" timestamp="2022-04-29T03:37:39 EET" skipped="0">
  <testcase classname="Tests.TestCases" name="SecondTestCase" time="0.386"/>
  <system-out/>
  <testcase classname="Tests.TestCases" name="FirstTestCase" time="5.223"/>
  <system-out/>
  <testcase classname="Tests.TestCases" name="ThirdTestCase" time="0.556"/>
  <system-out/>
</testsuite> <!-- Tests.TestCases -->
